<?xml version="1.0" encoding="UTF-8"?>
<testng-results ignored="0" total="3" passed="3" failed="0" skipped="0">
  <reporter-output>
  </reporter-output>
  <suite started-at="2024-02-04T19:18:47 EST" name="Default suite" finished-at="2024-02-04T19:18:49 EST" duration-ms="1500">
    <groups>
    </groups>
    <test started-at="2024-02-04T19:18:47 EST" name="Default test" finished-at="2024-02-04T19:18:49 EST" duration-ms="1500">
      <class name="base.GetAPIwithTestng">
        <test-method is-config="true" signature="preSetup()[pri:0, instance:base.GetAPIwithTestng@26794848]" started-at="2024-02-04T19:18:47 EST" name="preSetup" finished-at="2024-02-04T19:18:49 EST" duration-ms="1411" status="PASS">
          <reporter-output>
          </reporter-output>
        </test-method> <!-- preSetup -->
        <test-method signature="getContenType()[pri:0, instance:base.GetAPIwithTestng@26794848]" started-at="2024-02-04T19:18:49 EST" name="getContenType" finished-at="2024-02-04T19:18:49 EST" duration-ms="6" status="PASS">
          <reporter-output>
          </reporter-output>
        </test-method> <!-- getContenType -->
        <test-method signature="getPrint()[pri:0, instance:base.GetAPIwithTestng@26794848]" started-at="2024-02-04T19:18:49 EST" name="getPrint" finished-at="2024-02-04T19:18:49 EST" duration-ms="50" status="PASS">
          <reporter-output>
          </reporter-output>
        </test-method> <!-- getPrint -->
        <test-method signature="getStatusCode()[pri:0, instance:base.GetAPIwithTestng@26794848]" started-at="2024-02-04T19:18:49 EST" name="getStatusCode" finished-at="2024-02-04T19:18:49 EST" duration-ms="1" status="PASS">
          <reporter-output>
          </reporter-output>
        </test-method> <!-- getStatusCode -->
      </class> <!-- base.GetAPIwithTestng -->
    </test> <!-- Default test -->
  </suite> <!-- Default suite -->
</testng-results>
