<?xml version="1.0" encoding="UTF-8"?>
<testng-results ignored="0" total="3" passed="3" failed="0" skipped="0">
  <reporter-output>
  </reporter-output>
  <suite started-at="2023-12-20T23:21:36 EST" name="Default suite" finished-at="2023-12-20T23:21:52 EST" duration-ms="15457">
    <groups>
    </groups>
    <test started-at="2023-12-20T23:21:36 EST" name="Default test" finished-at="2023-12-20T23:21:52 EST" duration-ms="15457">
      <class name="com.testing.ParallelTest">
        <test-method signature="openBrowser1()[pri:0, instance:com.testing.ParallelTest@557caf28]" started-at="2023-12-20T23:21:36 EST" name="openBrowser1" finished-at="2023-12-20T23:21:42 EST" duration-ms="5622" status="PASS">
          <reporter-output>
          </reporter-output>
        </test-method> <!-- openBrowser1 -->
        <test-method signature="openBrowser2()[pri:0, instance:com.testing.ParallelTest@557caf28]" started-at="2023-12-20T23:21:42 EST" name="openBrowser2" finished-at="2023-12-20T23:21:47 EST" duration-ms="4674" status="PASS">
          <reporter-output>
          </reporter-output>
        </test-method> <!-- openBrowser2 -->
        <test-method signature="openBrowser3()[pri:0, instance:com.testing.ParallelTest@557caf28]" started-at="2023-12-20T23:21:47 EST" name="openBrowser3" finished-at="2023-12-20T23:21:52 EST" duration-ms="5115" status="PASS">
          <reporter-output>
          </reporter-output>
        </test-method> <!-- openBrowser3 -->
      </class> <!-- com.testing.ParallelTest -->
    </test> <!-- Default test -->
  </suite> <!-- Default suite -->
</testng-results>
