<?xml version="1.0" encoding="UTF-8"?>
<!-- Generated by org.testng.reporters.JUnitXMLReporter -->
<testsuite ignored="0" hostname="RAMs-MBP" failures="0" tests="3" name="Default test" time="1.5" errors="0" timestamp="2024-02-04T19:18:49 EST">
  <testcase classname="base.GetAPIwithTestng" name="getContenType" time="0.006"/>
  <testcase classname="base.GetAPIwithTestng" name="getPrint" time="0.05"/>
  <testcase classname="base.GetAPIwithTestng" name="getStatusCode" time="0.001"/>
</testsuite> <!-- Default test -->
