<?xml version="1.0" encoding="UTF-8"?>
<!-- Generated by org.testng.reporters.JUnitXMLReporter -->
<testsuite ignored="1" hostname="RAMs-MBP" failures="0" tests="5" name="Test" time="0.085" errors="0" timestamp="2023-12-20T00:14:45 EST">
  <testcase classname="testng.BasicAnnotationTesting" name="passTest" time="0.009"/>
  <testcase classname="testng.BasicAnnotationTesting" name="loginTest" time="0.002"/>
  <testcase classname="testng.NewTest" name="getClickLogin" time="0.002"/>
  <testcase classname="testng.NewTest" name="getOpenBrowser" time="0.002"/>
  <testcase classname="testng.NewTest" name="getOpenURL" time="0.001"/>
  <testcase classname="testng.BasicAnnotationTesting" name="userTest" time="0.0">
    <ignored/>
  </testcase> <!-- userTest -->
</testsuite> <!-- Test -->
